C51 COMPILER V9.59.0.0   DELAY                                                             05/10/2019 12:23:29 PAGE 1   


C51 COMPILER V9.59.0.0, COMPILATION OF MODULE DELAY
OBJECT MODULE PLACED IN .\Objects\delay.obj
COMPILER INVOKED BY: f:\Keil_v5\C51\BIN\C51.EXE user\delay.c OPTIMIZE(8,SPEED) BROWSE DEBUG OBJECTEXTEND PRINT(.\Listing
                    -s\delay.lst) OBJECT(.\Objects\delay.obj)

line level    source

   1          /*¾§Õñ(18.432MHz)*/
   2          #include <STC15.h>          
   3          #include "delay.h"
   4          void Delay1us()         //@18.432MHz
   5          {
   6   1              unsigned char i;
   7   1      
   8   1              i = 2;
   9   1              while (--i);
  10   1      }
  11          
  12          void Delay1ms()         //@18.432MHz
  13          {
  14   1              unsigned char i, j;
  15   1      
  16   1              i = 18;
  17   1              j = 235;
  18   1              do
  19   1              {
  20   2                      while (--j);
  21   2              } while (--i);
  22   1      }
  23          
  24          void DelayMS(int t)
  25          {
  26   1              while(t--)
  27   1              {
  28   2                      Delay1ms();
  29   2              }
  30   1      }
  31          
  32          void DelayUS(int t)
  33          {
  34   1              while(t--)
  35   1              {
  36   2                      Delay1us();
  37   2              }
  38   1      }
  39          
  40          
  41          


MODULE INFORMATION:   STATIC OVERLAYABLE
   CODE SIZE        =     54    ----
   CONSTANT SIZE    =   ----    ----
   XDATA SIZE       =   ----    ----
   PDATA SIZE       =   ----    ----
   DATA SIZE        =   ----    ----
   IDATA SIZE       =   ----    ----
   BIT SIZE         =   ----    ----
END OF MODULE INFORMATION.


C51 COMPILATION COMPLETE.  0 WARNING(S),  0 ERROR(S)
