C51 COMPILER V9.59.0.0   TIMER                                                             05/10/2019 12:23:31 PAGE 1   


C51 COMPILER V9.59.0.0, COMPILATION OF MODULE TIMER
OBJECT MODULE PLACED IN .\Objects\timer.obj
COMPILER INVOKED BY: f:\Keil_v5\C51\BIN\C51.EXE user\timer.c OPTIMIZE(8,SPEED) BROWSE DEBUG OBJECTEXTEND PRINT(.\Listing
                    -s\timer.lst) OBJECT(.\Objects\timer.obj)

line level    source

   1          #include "timer.h"
   2          #include "stdio.h"
   3          #include "OLED_SPI_hardware.h"
   4          u16 TimerCnt=0; 
   5          u16 Second=0;
   6          u8 Time_Buffer[4]; // 保存行驶时间
   7          void TIMER_Init(void)
   8          {       
   9   1              AUXR |= 0x80;           //定时器时钟1T模式
  10   1              TMOD &= 0xF0;           //设置定时器模式0
  11   1              TL0 = 0x00;             //设置定时初值
  12   1              TH0 = 0xB8;             //设置定时初值
  13   1              TF0 = 0;                //清除TF0标志
  14   1          ET0 = 1;                        //使能定时器0中断
  15   1      }
  16          
  17          void timer0_isr() interrupt 1
  18          {
  19   1              TimerCnt++;
  20   1              if(1000==TimerCnt)     // 计时1s
  21   1              {
  22   2                      Second++;    // 每个1s  Sec+1  并返回数值
  23   2                      TimerCnt=0; // 清零,从新累计
  24   2              }
  25   1      }
  26          
  27          void TimeDispaly(void)        // 传入一个数组显示全程用时
  28          {
  29   1              if((0==TR0)&&(Second!=0))  // 到达终点停止计时
  30   1              {
  31   2                      sprintf(Time_Buffer,"%4d",Second);
  32   2                      OLED_display_str(5,30,Time_Buffer);    // 显示系统准备就绪
  33   2                      while(TR0!=0);
  34   2                      Second =0;  // 清零时间
  35   2              }
  36   1      //      else
  37   1      //      {
  38   1      //        OLED_display_str(5,30,"0");    // 显示系统准备就绪
  39   1      //      }
  40   1      }


MODULE INFORMATION:   STATIC OVERLAYABLE
   CODE SIZE        =    111    ----
   CONSTANT SIZE    =      4    ----
   XDATA SIZE       =   ----    ----
   PDATA SIZE       =   ----    ----
   DATA SIZE        =      8    ----
   IDATA SIZE       =   ----    ----
   BIT SIZE         =   ----    ----
END OF MODULE INFORMATION.


C51 COMPILATION COMPLETE.  0 WARNING(S),  0 ERROR(S)
